# JRE version: OpenJDK Runtime Environment AdoptOpenJDK-16.0.1+9 (16.0.1+9) (build 16.0.1+9)
# Java VM: OpenJDK 64-Bit Server VM AdoptOpenJDK-16.0.1+9 (16.0.1+9, mixed mode, sharing, tiered, compressed oops, compressed class ptrs, g1 gc, windows-amd64)
GC Precious Log:
 CPUs: 6 total, 6 available
 Memory: 16219M
 Large Page Support: Disabled
 NUMA Support: Disabled
 Compressed Oops: Enabled (32-bit)
 Heap Region Size: 1M
 Heap Min Capacity: 256M
 Heap Initial Capacity: 256M
 Heap Max Capacity: 512M
 Pre-touch: Disabled
 Parallel Workers: 6
 Concurrent Workers: 2
 Concurrent Refinement Workers: 6
 Periodic GC: Disabled
Heap:
 garbage-first heap   total 262144K, used 155085K [0x00000000e0000000, 0x0000000100000000)
  region size 1024K, 77 young (78848K), 4 survivors (4096K)
 Metaspace       used 75276K, committed 76864K, reserved 286720K
  class space    used 9364K, committed 10432K, reserved 212992K
GC Heap History (20 events):
Event: 8068.834 GC heap before
{Heap before GC invocations=55 (full 0):
 garbage-first heap   total 262144K, used 212130K [0x00000000e0000000, 0x0000000100000000)
  region size 1024K, 91 young (93184K), 2 survivors (2048K)
 Metaspace       used 81833K, committed 83072K, reserved 286720K
  class space    used 10494K, committed 11072K, reserved 212992K
}
Event: 8068.839 GC heap after
{Heap after GC invocations=56 (full 0):
 garbage-first heap   total 262144K, used 128777K [0x00000000e0000000, 0x0000000100000000)
  region size 1024K, 9 young (9216K), 9 survivors (9216K)
 Metaspace       used 81833K, committed 83072K, reserved 286720K
  class space    used 10494K, committed 11072K, reserved 212992K
}
Event: 9294.220 GC heap before
{Heap before GC invocations=57 (full 0):
 garbage-first heap   total 262144K, used 212745K [0x00000000e0000000, 0x0000000100000000)
  region size 1024K, 92 young (94208K), 9 survivors (9216K)
 Metaspace       used 73190K, committed 76288K, reserved 286720K
  class space    used 9316K, committed 10432K, reserved 212992K
}
Event: 9294.226 GC heap after
{Heap after GC invocations=58 (full 0):
 garbage-first heap   total 262144K, used 95012K [0x00000000e0000000, 0x0000000100000000)
  region size 1024K, 8 young (8192K), 8 survivors (8192K)
 Metaspace       used 73190K, committed 76288K, reserved 286720K
  class space    used 9316K, committed 10432K, reserved 212992K
}
Event: 9294.238 GC heap before
{Heap before GC invocations=58 (full 0):
 garbage-first heap   total 262144K, used 99108K [0x00000000e0000000, 0x0000000100000000)
  region size 1024K, 12 young (12288K), 8 survivors (8192K)
 Metaspace       used 73192K, committed 76288K, reserved 286720K
  class space    used 9316K, committed 10432K, reserved 212992K
}
Event: 9294.254 GC heap after
{Heap after GC invocations=59 (full 0):
 garbage-first heap   total 262144K, used 77417K [0x00000000e0000000, 0x0000000100000000)
  region size 1024K, 2 young (2048K), 2 survivors (2048K)
 Metaspace       used 73192K, committed 76288K, reserved 286720K
  class space    used 9316K, committed 10432K, reserved 212992K
}
Event: 9752.599 GC heap before
{Heap before GC invocations=59 (full 0):
 garbage-first heap   total 262144K, used 193129K [0x00000000e0000000, 0x0000000100000000)
  region size 1024K, 116 young (118784K), 2 survivors (2048K)
 Metaspace       used 73622K, committed 76352K, reserved 286720K
  class space    used 9328K, committed 10432K, reserved 212992K
}
Event: 9752.604 GC heap after
{Heap after GC invocations=60 (full 0):
 garbage-first heap   total 262144K, used 84726K [0x00000000e0000000, 0x0000000100000000)
  region size 1024K, 9 young (9216K), 9 survivors (9216K)
 Metaspace       used 73622K, committed 76352K, reserved 286720K
  class space    used 9328K, committed 10432K, reserved 212992K
}
Event: 10025.008 GC heap before
{Heap before GC invocations=60 (full 0):
 garbage-first heap   total 262144K, used 198390K [0x00000000e0000000, 0x0000000100000000)
  region size 1024K, 121 young (123904K), 9 survivors (9216K)
 Metaspace       used 73901K, committed 76416K, reserved 286720K
  class space    used 9328K, committed 10432K, reserved 212992K
}
Event: 10025.012 GC heap after
{Heap after GC invocations=61 (full 0):
 garbage-first heap   total 262144K, used 82805K [0x00000000e0000000, 0x0000000100000000)
  region size 1024K, 7 young (7168K), 7 survivors (7168K)
 Metaspace       used 73901K, committed 76416K, reserved 286720K
  class space    used 9328K, committed 10432K, reserved 212992K
}
Event: 10336.202 GC heap before
{Heap before GC invocations=61 (full 0):
 garbage-first heap   total 262144K, used 200565K [0x00000000e0000000, 0x0000000100000000)
  region size 1024K, 123 young (125952K), 7 survivors (7168K)
 Metaspace       used 74246K, committed 76416K, reserved 286720K
  class space    used 9328K, committed 10432K, reserved 212992K
}
Event: 10336.204 GC heap after
{Heap after GC invocations=62 (full 0):
 garbage-first heap   total 262144K, used 82195K [0x00000000e0000000, 0x0000000100000000)
  region size 1024K, 6 young (6144K), 6 survivors (6144K)
 Metaspace       used 74246K, committed 76416K, reserved 286720K
  class space    used 9328K, committed 10432K, reserved 212992K
}
Event: 15697.367 GC heap before
{Heap before GC invocations=62 (full 0):
 garbage-first heap   total 262144K, used 204051K [0x00000000e0000000, 0x0000000100000000)
  region size 1024K, 126 young (129024K), 6 survivors (6144K)
 Metaspace       used 74294K, committed 76416K, reserved 286720K
  class space    used 9328K, committed 10432K, reserved 212992K
}
Event: 15697.375 GC heap after
{Heap after GC invocations=63 (full 0):
 garbage-first heap   total 262144K, used 80902K [0x00000000e0000000, 0x0000000100000000)
  region size 1024K, 5 young (5120K), 5 survivors (5120K)
 Metaspace       used 74294K, committed 76416K, reserved 286720K
  class space    used 9328K, committed 10432K, reserved 212992K
}
Event: 16281.594 GC heap before
{Heap before GC invocations=63 (full 0):
 garbage-first heap   total 262144K, used 206854K [0x00000000e0000000, 0x0000000100000000)
  region size 1024K, 129 young (132096K), 5 survivors (5120K)
 Metaspace       used 74716K, committed 76480K, reserved 286720K
  class space    used 9364K, committed 10432K, reserved 212992K
}
Event: 16281.598 GC heap after
{Heap after GC invocations=64 (full 0):
 garbage-first heap   total 262144K, used 83053K [0x00000000e0000000, 0x0000000100000000)
  region size 1024K, 7 young (7168K), 7 survivors (7168K)
 Metaspace       used 74716K, committed 76480K, reserved 286720K
  class space    used 9364K, committed 10432K, reserved 212992K
}
Event: 17262.151 GC heap before
{Heap before GC invocations=64 (full 0):
 garbage-first heap   total 262144K, used 209005K [0x00000000e0000000, 0x0000000100000000)
  region size 1024K, 131 young (134144K), 7 survivors (7168K)
 Metaspace       used 74946K, committed 76544K, reserved 286720K
  class space    used 9364K, committed 10432K, reserved 212992K
}
Event: 17262.156 GC heap after
{Heap after GC invocations=65 (full 0):
 garbage-first heap   total 262144K, used 86774K [0x00000000e0000000, 0x0000000100000000)
  region size 1024K, 11 young (11264K), 11 survivors (11264K)
 Metaspace       used 74946K, committed 76544K, reserved 286720K
  class space    used 9364K, committed 10432K, reserved 212992K
}
Event: 17502.266 GC heap before
{Heap before GC invocations=65 (full 0):
 garbage-first heap   total 262144K, used 208630K [0x00000000e0000000, 0x0000000100000000)
  region size 1024K, 131 young (134144K), 11 survivors (11264K)
 Metaspace       used 75167K, committed 76800K, reserved 286720K
  class space    used 9364K, committed 10432K, reserved 212992K
}
Event: 17502.270 GC heap after
{Heap after GC invocations=66 (full 0):
 garbage-first heap   total 262144K, used 82381K [0x00000000e0000000, 0x0000000100000000)
  region size 1024K, 4 young (4096K), 4 survivors (4096K)
 Metaspace       used 75167K, committed 76800K, reserved 286720K
  class space    used 9364K, committed 10432K, reserved 212992K
}

